<?xml version="1.0" encoding="UTF-8"?>
<testng-results ignored="0" total="1" passed="1" failed="0" skipped="0">
  <reporter-output>
  </reporter-output>
  <suite started-at="2023-08-12T21:58:51 EDT" name="Default suite" finished-at="2023-08-12T22:01:06 EDT" duration-ms="135057">
    <groups>
      <group name="cucumber">
        <method signature="AbstractTestNGCucumberTests.runScenario(io.cucumber.testng.PickleWrapper,io.cucumber.testng.FeatureWrapper)[pri:0, instance:runners.CucumberRunner@548d708a]" name="runScenario" class="io.cucumber.testng.AbstractTestNGCucumberTests"/>
      </group> <!-- cucumber -->
    </groups>
    <test started-at="2023-08-12T21:58:51 EDT" name="Default test" finished-at="2023-08-12T22:01:06 EDT" duration-ms="135057">
      <class name="runners.CucumberRunner">
        <test-method is-config="true" signature="setUpClass(org.testng.ITestContext)[pri:0, instance:runners.CucumberRunner@548d708a]" started-at="2023-08-12T21:58:51 EDT" name="setUpClass" finished-at="2023-08-12T21:59:25 EDT" duration-ms="34844" status="PASS">
          <params>
            <param index="0">
              <value>
                <![CDATA[org.testng.TestRunner@697d6ded]]>
              </value>
            </param>
          </params>
          <reporter-output>
          </reporter-output>
        </test-method> <!-- setUpClass -->
        <test-method signature="runScenario(io.cucumber.testng.PickleWrapper,io.cucumber.testng.FeatureWrapper)[pri:0, instance:runners.CucumberRunner@548d708a]" started-at="2023-08-12T21:59:26 EDT" name="runScenario" description="Runs Cucumber Scenarios" data-provider="scenarios" finished-at="2023-08-12T22:00:20 EDT" duration-ms="54770" status="PASS">
          <params>
            <param index="0">
              <value>
                <![CDATA["The user can click the top button at the bottom of the Small Kitchen Appliances page, and it will bring them back to the top page."]]>
              </value>
            </param>
            <param index="1">
              <value>
                <![CDATA["Home Depot Top Button Functionality"]]>
              </value>
            </param>
          </params>
          <reporter-output>
          </reporter-output>
        </test-method> <!-- runScenario -->
        <test-method is-config="true" signature="tearDownClass()[pri:0, instance:runners.CucumberRunner@548d708a]" started-at="2023-08-12T22:00:20 EDT" name="tearDownClass" finished-at="2023-08-12T22:01:06 EDT" duration-ms="45285" status="PASS">
          <reporter-output>
          </reporter-output>
        </test-method> <!-- tearDownClass -->
      </class> <!-- runners.CucumberRunner -->
    </test> <!-- Default test -->
  </suite> <!-- Default suite -->
</testng-results>
