<?xml version="1.0" encoding="UTF-8"?>
<testng-results ignored="0" total="1" passed="1" failed="0" skipped="0">
  <reporter-output>
  </reporter-output>
  <suite started-at="2023-08-17T23:01:03 EDT" name="Default suite" finished-at="2023-08-17T23:01:26 EDT" duration-ms="22320">
    <groups>
      <group name="cucumber">
        <method signature="AbstractTestNGCucumberTests.runScenario(io.cucumber.testng.PickleWrapper,io.cucumber.testng.FeatureWrapper)[pri:0, instance:runners.CucumberRunner@7eac9008]" name="runScenario" class="io.cucumber.testng.AbstractTestNGCucumberTests"/>
      </group> <!-- cucumber -->
    </groups>
    <test started-at="2023-08-17T23:01:03 EDT" name="Default test" finished-at="2023-08-17T23:01:26 EDT" duration-ms="22320">
      <class name="runners.CucumberRunner">
        <test-method is-config="true" signature="setUpClass(org.testng.ITestContext)[pri:0, instance:runners.CucumberRunner@7eac9008]" started-at="2023-08-17T23:01:03 EDT" name="setUpClass" finished-at="2023-08-17T23:01:11 EDT" duration-ms="7569" status="PASS">
          <params>
            <param index="0">
              <value>
                <![CDATA[org.testng.TestRunner@4ed15347]]>
              </value>
            </param>
          </params>
          <reporter-output>
          </reporter-output>
        </test-method> <!-- setUpClass -->
        <test-method signature="runScenario(io.cucumber.testng.PickleWrapper,io.cucumber.testng.FeatureWrapper)[pri:0, instance:runners.CucumberRunner@7eac9008]" started-at="2023-08-17T23:01:11 EDT" name="runScenario" description="Runs Cucumber Scenarios" data-provider="scenarios" finished-at="2023-08-17T23:01:25 EDT" duration-ms="14616" status="PASS">
          <params>
            <param index="0">
              <value>
                <![CDATA["As a user I want to go super savings page and see the super savings items"]]>
              </value>
            </param>
            <param index="1">
              <value>
                <![CDATA["Super savings page functionality"]]>
              </value>
            </param>
          </params>
          <reporter-output>
          </reporter-output>
        </test-method> <!-- runScenario -->
        <test-method is-config="true" signature="tearDownClass()[pri:0, instance:runners.CucumberRunner@7eac9008]" started-at="2023-08-17T23:01:25 EDT" name="tearDownClass" finished-at="2023-08-17T23:01:26 EDT" duration-ms="57" status="PASS">
          <reporter-output>
          </reporter-output>
        </test-method> <!-- tearDownClass -->
      </class> <!-- runners.CucumberRunner -->
    </test> <!-- Default test -->
  </suite> <!-- Default suite -->
</testng-results>
